GAS LISTING /tmp/ccHo1sSs.s 			page 1


   1              		.file	"main.cpp"
   9              	.Ltext0:
  10              	.globl _Z9factoriali
  12              	_Z9factoriali:
  13              	.LFB2:
  14              		.file 1 "main.cpp"
   1:main.cpp      **** int factorial( int x )
  15              		.loc 1 1 0
  16              	.LVL0:
  17 0000 53       		pushq	%rbx
  18              	.LCFI0:
  19 0001 89FB     		movl	%edi, %ebx
   2:main.cpp      **** {
   3:main.cpp      ****   if (x == 0)
  20              		.loc 1 3 0
  21 0003 B8010000 		movl	$1, %eax
  21      00
  22 0008 85FF     		testl	%edi, %edi
  23 000a 740B     		je	.L3
   4:main.cpp      ****     return 1;
   5:main.cpp      ****   else
   6:main.cpp      ****     return x * factorial(x - 1);
  24              		.loc 1 6 0
  25 000c 8D7BFF   		leal	-1(%rbx), %edi
  26              	.LVL1:
  27 000f E8000000 		call	_Z9factoriali
  27      00
  28 0014 0FAFC3   		imull	%ebx, %eax
  29              	.LVL2:
  30              	.L3:
   7:main.cpp      **** }
  31              		.loc 1 7 0
  32 0017 5B       		popq	%rbx
  33              	.LVL3:
  34 0018 C3       		ret
  35              	.LFE2:
  37              	.globl main
  39              	main:
  40              	.LFB3:
   8:main.cpp      **** 
   9:main.cpp      **** int main( int argc, char *argv[] )
  41              		.loc 1 9 0
  42              	.LVL4:
  43 0019 4883EC08 		subq	$8, %rsp
  44              	.LCFI1:
  10:main.cpp      **** {
  11:main.cpp      ****   return factorial(argc);
  45              		.loc 1 11 0
  46 001d E8000000 		call	_Z9factoriali
  46      00
  47              	.LVL5:
  12:main.cpp      **** }
  48              		.loc 1 12 0
  49 0022 4883C408 		addq	$8, %rsp
  50 0026 C3       		ret
  51              	.LFE3:
  97              	.Lframe1:
GAS LISTING /tmp/ccHo1sSs.s 			page 2


  98 0000 1C000000 		.long	.LECIE1-.LSCIE1
  99              	.LSCIE1:
 100 0004 00000000 		.long	0x0
 101 0008 01       		.byte	0x1
 102              	.globl __gxx_personality_v0
 103 0009 7A505200 		.string	"zPR"
 104 000d 01       		.uleb128 0x1
 105 000e 78       		.sleb128 -8
 106 000f 10       		.byte	0x10
 107 0010 06       		.uleb128 0x6
 108 0011 03       		.byte	0x3
 109 0012 00000000 		.long	__gxx_personality_v0
 110 0016 03       		.byte	0x3
 111 0017 0C       		.byte	0xc
 112 0018 07       		.uleb128 0x7
 113 0019 08       		.uleb128 0x8
 114 001a 90       		.byte	0x90
 115 001b 01       		.uleb128 0x1
 116 001c 00000000 		.align 8
 117              	.LECIE1:
 118              	.LSFDE1:
 119 0020 14000000 		.long	.LEFDE1-.LASFDE1
 120              	.LASFDE1:
 121 0024 24000000 		.long	.LASFDE1-.Lframe1
 122 0028 00000000 		.long	.LFB2
 123 002c 19000000 		.long	.LFE2-.LFB2
 124 0030 00       		.uleb128 0x0
 125 0031 41       		.byte	0x4
 126              		.long	.LCFI0-.LFB2
 127 0032 0E       		.byte	0xe
 128 0033 10       		.uleb128 0x10
 129 0034 83       		.byte	0x83
 130 0035 02       		.uleb128 0x2
 131 0036 0000     		.align 8
 132              	.LEFDE1:
 133              	.LSFDE3:
 134 0038 14000000 		.long	.LEFDE3-.LASFDE3
 135              	.LASFDE3:
 136 003c 3C000000 		.long	.LASFDE3-.Lframe1
 137 0040 00000000 		.long	.LFB3
 138 0044 0E000000 		.long	.LFE3-.LFB3
 139 0048 00       		.uleb128 0x0
 140 0049 44       		.byte	0x4
 141              		.long	.LCFI1-.LFB3
 142 004a 0E       		.byte	0xe
 143 004b 10       		.uleb128 0x10
 144 004c 00000000 		.align 8
 145              	.LEFDE3:
 146              		.text
 147              	.Letext0:
GAS LISTING /tmp/ccHo1sSs.s 			page 3


DEFINED SYMBOLS
                            *ABS*:0000000000000000 main.cpp
     /tmp/ccHo1sSs.s:12     .text:0000000000000000 _Z9factoriali
     /tmp/ccHo1sSs.s:39     .text:0000000000000019 main

UNDEFINED SYMBOLS
__gxx_personality_v0
